{"name":"hexo","hostname":"Fan-Macbook-Pro.local","pid":6809,"level":20,"msg":"Hexo version: \u001b[35m3.7.1\u001b[39m","time":"2018-11-13T01:08:29.265Z","v":0}
{"name":"hexo","hostname":"Fan-Macbook-Pro.local","pid":6809,"level":20,"msg":"Working directory: \u001b[35m~/workspace/alili.tech/\u001b[39m","time":"2018-11-13T01:08:29.267Z","v":0}
{"name":"hexo","hostname":"Fan-Macbook-Pro.local","pid":6809,"level":20,"msg":"Config loaded: \u001b[35m~/workspace/alili.tech/_config.yml\u001b[39m","time":"2018-11-13T01:08:29.325Z","v":0}
{"name":"hexo","hostname":"Fan-Macbook-Pro.local","pid":6809,"level":20,"msg":"Plugin loaded: \u001b[35mhexo-abbrlink\u001b[39m","time":"2018-11-13T01:08:29.360Z","v":0}
{"name":"hexo","hostname":"Fan-Macbook-Pro.local","pid":6809,"level":20,"msg":"Plugin loaded: \u001b[35mhexo-deployer-git\u001b[39m","time":"2018-11-13T01:08:29.369Z","v":0}
{"name":"hexo","hostname":"Fan-Macbook-Pro.local","pid":6809,"level":20,"msg":"Plugin loaded: \u001b[35mhexo-filter-flowchart\u001b[39m","time":"2018-11-13T01:08:29.372Z","v":0}
{"name":"hexo","hostname":"Fan-Macbook-Pro.local","pid":6809,"level":20,"msg":"Plugin loaded: \u001b[35mhexo-addlink\u001b[39m","time":"2018-11-13T01:08:29.372Z","v":0}
{"name":"hexo","hostname":"Fan-Macbook-Pro.local","pid":6809,"level":20,"msg":"Plugin loaded: \u001b[35mhexo-clean-css\u001b[39m","time":"2018-11-13T01:08:29.424Z","v":0}
{"name":"hexo","hostname":"Fan-Macbook-Pro.local","pid":6809,"level":20,"msg":"Plugin loaded: \u001b[35mhexo-generator-baidu-sitemap\u001b[39m","time":"2018-11-13T01:08:29.428Z","v":0}
{"name":"hexo","hostname":"Fan-Macbook-Pro.local","pid":6809,"level":20,"msg":"Plugin loaded: \u001b[35mhexo-generator-feed\u001b[39m","time":"2018-11-13T01:08:29.448Z","v":0}
{"name":"hexo","hostname":"Fan-Macbook-Pro.local","pid":6809,"level":20,"msg":"Plugin loaded: \u001b[35mhexo-generator-index\u001b[39m","time":"2018-11-13T01:08:29.449Z","v":0}
{"name":"hexo","hostname":"Fan-Macbook-Pro.local","pid":6809,"level":20,"msg":"Plugin loaded: \u001b[35mhexo-generator-category\u001b[39m","time":"2018-11-13T01:08:29.450Z","v":0}
{"name":"hexo","hostname":"Fan-Macbook-Pro.local","pid":6809,"level":20,"msg":"Plugin loaded: \u001b[35mhexo-generator-json-content\u001b[39m","time":"2018-11-13T01:08:29.463Z","v":0}
{"name":"hexo","hostname":"Fan-Macbook-Pro.local","pid":6809,"level":20,"msg":"Plugin loaded: \u001b[35mhexo-generator-archive\u001b[39m","time":"2018-11-13T01:08:29.465Z","v":0}
{"name":"hexo","hostname":"Fan-Macbook-Pro.local","pid":6809,"level":20,"msg":"Plugin loaded: \u001b[35mhexo-generator-sitemap\u001b[39m","time":"2018-11-13T01:08:29.466Z","v":0}
{"name":"hexo","hostname":"Fan-Macbook-Pro.local","pid":6809,"level":20,"msg":"Plugin loaded: \u001b[35mhexo-generator-tag\u001b[39m","time":"2018-11-13T01:08:29.467Z","v":0}
{"name":"hexo","hostname":"Fan-Macbook-Pro.local","pid":6809,"level":20,"msg":"Plugin loaded: \u001b[35mhexo-html-minifier\u001b[39m","time":"2018-11-13T01:08:29.470Z","v":0}
{"name":"hexo","hostname":"Fan-Macbook-Pro.local","pid":6809,"level":20,"msg":"Plugin loaded: \u001b[35mhexo-pagination\u001b[39m","time":"2018-11-13T01:08:29.470Z","v":0}
{"name":"hexo","hostname":"Fan-Macbook-Pro.local","pid":6809,"level":20,"msg":"Plugin loaded: \u001b[35mhexo-neat\u001b[39m","time":"2018-11-13T01:08:29.471Z","v":0}
{"name":"hexo","hostname":"Fan-Macbook-Pro.local","pid":6809,"level":20,"msg":"Plugin loaded: \u001b[35mhexo-pwa\u001b[39m","time":"2018-11-13T01:08:29.477Z","v":0}
{"name":"hexo","hostname":"Fan-Macbook-Pro.local","pid":6809,"level":20,"msg":"Plugin loaded: \u001b[35mhexo-renderer-ejs\u001b[39m","time":"2018-11-13T01:08:29.480Z","v":0}
{"name":"hexo","hostname":"Fan-Macbook-Pro.local","pid":6809,"level":20,"msg":"Plugin loaded: \u001b[35mhexo-recommended-posts\u001b[39m","time":"2018-11-13T01:08:29.597Z","v":0}
{"name":"hexo","hostname":"Fan-Macbook-Pro.local","pid":6809,"level":20,"msg":"Plugin loaded: \u001b[35mhexo-renderer-marked\u001b[39m","time":"2018-11-13T01:08:29.601Z","v":0}
{"name":"hexo","hostname":"Fan-Macbook-Pro.local","pid":6809,"level":20,"msg":"Plugin loaded: \u001b[35mhexo-server\u001b[39m","time":"2018-11-13T01:08:29.638Z","v":0}
{"name":"hexo","hostname":"Fan-Macbook-Pro.local","pid":6809,"level":20,"msg":"Plugin loaded: \u001b[35mhexo-renderer-stylus\u001b[39m","time":"2018-11-13T01:08:29.639Z","v":0}
{"name":"hexo","hostname":"Fan-Macbook-Pro.local","pid":6809,"level":20,"msg":"Plugin loaded: \u001b[35mhexo-tag-echarts3\u001b[39m","time":"2018-11-13T01:08:29.643Z","v":0}
{"name":"hexo","hostname":"Fan-Macbook-Pro.local","pid":6809,"level":20,"msg":"Plugin loaded: \u001b[35mhexo-uglify\u001b[39m","time":"2018-11-13T01:08:29.671Z","v":0}
{"name":"hexo","hostname":"Fan-Macbook-Pro.local","pid":6809,"level":20,"msg":"Script loaded: \u001b[35mthemes/cactus-dark/scripts/extend.js\u001b[39m","time":"2018-11-13T01:08:29.733Z","v":0}
{"name":"hexo","hostname":"Fan-Macbook-Pro.local","pid":6809,"level":20,"msg":"Script loaded: \u001b[35mthemes/cactus-dark/scripts/meta.js\u001b[39m","time":"2018-11-13T01:08:29.733Z","v":0}
{"name":"hexo","hostname":"Fan-Macbook-Pro.local","pid":6809,"level":20,"msg":"Script loaded: \u001b[35mthemes/cactus-dark/scripts/submitter.js\u001b[39m","time":"2018-11-13T01:08:29.735Z","v":0}
{"name":"hexo","hostname":"Fan-Macbook-Pro.local","pid":6809,"level":20,"msg":"Script loaded: \u001b[35mthemes/cactus-dark/scripts/thumbnail.js\u001b[39m","time":"2018-11-13T01:08:29.736Z","v":0}
{"name":"hexo","hostname":"Fan-Macbook-Pro.local","pid":6809,"level":20,"msg":"Database saved","time":"2018-11-13T01:08:29.750Z","v":0}
{"name":"hexo","hostname":"Fan-Macbook-Pro.local","pid":6843,"level":50,"msg":"Local hexo not found in \u001b[35m~/workspace/alili.tech\u001b[39m","time":"2018-11-13T01:09:33.918Z","v":0}
{"name":"hexo","hostname":"Fan-Macbook-Pro.local","pid":6843,"level":50,"msg":"Try running: 'npm install hexo --save'","time":"2018-11-13T01:09:33.920Z","v":0}
{"name":"hexo","hostname":"Fan-Macbook-Pro.local","pid":6867,"level":50,"msg":"Local hexo not found in \u001b[35m~/workspace/alili.tech\u001b[39m","time":"2018-11-13T01:09:53.147Z","v":0}
{"name":"hexo","hostname":"Fan-Macbook-Pro.local","pid":6867,"level":50,"msg":"Try running: 'npm install hexo --save'","time":"2018-11-13T01:09:53.150Z","v":0}
