Arguments: 
  /usr/local/bin/node /usr/local/bin/yarn add hexo

PATH: 
  /Library/Frameworks/Python.framework/Versions/3.6/bin:/usr/local/bin:/usr/bin:/bin:/usr/sbin:/sbin:/Library/Frameworks/Python.framework/Versions/3.6/bin

Yarn version: 
  0.27.5

Node version: 
  6.11.1

Platform: 
  darwin x64

npm manifest: 
  {
    "name": "hexo-site",
    "version": "0.0.0",
    "private": true,
    "hexo": {
      "version": "3.2.2"
    },
    "dependencies": {
      "hexo": "~3.2.2",
      "hexo-clean-css": "0.0.2",
      "hexo-deployer-git": "~0.3.0",
      "hexo-generator-archive": "^0.1.4",
      "hexo-generator-baidu-sitemap": "^0.1.2",
      "hexo-generator-category": "^0.1.3",
      "hexo-generator-feed": "^1.1.0",
      "hexo-generator-index": "^0.2.0",
      "hexo-generator-sitemap": "^1.1.2",
      "hexo-generator-tag": "^0.2.0",
      "hexo-github": "^1.0.1",
      "hexo-github-card": "https://github.com/Fantasy9527/hexo-github-card.git",
      "hexo-html-minifier": "^0.0.1",
      "hexo-neat": "^1.0.4",
      "hexo-pagination": "^0.1.0",
      "hexo-renderer-ejs": "^0.1.1",
      "hexo-renderer-marked": "^0.2.9",
      "hexo-renderer-stylus": "^0.3.0",
      "hexo-server": "^0.1.3",
      "hexo-uglify": "0.0.3"
    }
  }

yarn manifest: 
  No manifest

Lockfile: 
  No lockfile

Trace: 
  Error: EACCES: permission denied, mkdir '/Users/Fan/workspace/alili.tech/node_modules/anymatch'
      at Error (native)
